0 info it worked if it ends with ok
1 verbose cli [ '/usr/local/bin/node',
1 verbose cli   '/usr/local/lib/node_modules/tnpm/node_modules/ali-npm/bin/npm-cli.js',
1 verbose cli   '--fse_binary_host_mirror=https://npm.taobao.org/mirrors/fsevents/',
1 verbose cli   '--no-proxy',
1 verbose cli   '--disturl=https://npm.taobao.org/mirrors/node',
1 verbose cli   '--userconfig=/Users/Sean/.tnpmrc',
1 verbose cli   '--registry=http://registry.npm.alibaba-inc.com',
1 verbose cli   '--node-gyp=/usr/local/lib/node_modules/tnpm/node_modules/node-gyp/bin/node-gyp.js',
1 verbose cli   '--cache=/Users/Sean/.tnpm',
1 verbose cli   'i',
1 verbose cli   'define-plugin',
1 verbose cli   '--save' ]
2 info using npm@2.15.2
3 info using node@v4.4.0
4 verbose install initial load of /Users/Sean/Desktop/Olive/package.json
5 verbose installManyTop reading scoped package data from /Users/Sean/Desktop/Olive/node_modules/babel-core/package.json
6 verbose installManyTop reading scoped package data from /Users/Sean/Desktop/Olive/node_modules/babel-loader/package.json
7 verbose installManyTop reading scoped package data from /Users/Sean/Desktop/Olive/node_modules/babel-preset-react/package.json
8 verbose installManyTop reading scoped package data from /Users/Sean/Desktop/Olive/node_modules/bootstrap/package.json
9 verbose installManyTop reading scoped package data from /Users/Sean/Desktop/Olive/node_modules/bootstrap-treeview/package.json
10 verbose installManyTop reading scoped package data from /Users/Sean/Desktop/Olive/node_modules/bootstrap-webpack/package.json
11 verbose installManyTop reading scoped package data from /Users/Sean/Desktop/Olive/node_modules/css-loader/package.json
12 verbose installManyTop reading scoped package data from /Users/Sean/Desktop/Olive/node_modules/exports-loader/package.json
13 verbose installManyTop reading scoped package data from /Users/Sean/Desktop/Olive/node_modules/expose-loader/package.json
14 verbose installManyTop reading scoped package data from /Users/Sean/Desktop/Olive/node_modules/extract-text-webpack-plugin/package.json
15 verbose installManyTop reading scoped package data from /Users/Sean/Desktop/Olive/node_modules/file-loader/package.json
16 verbose installManyTop reading scoped package data from /Users/Sean/Desktop/Olive/node_modules/imports-loader/package.json
17 verbose installManyTop reading scoped package data from /Users/Sean/Desktop/Olive/node_modules/jquery/package.json
18 verbose installManyTop reading scoped package data from /Users/Sean/Desktop/Olive/node_modules/jsdom/package.json
19 verbose installManyTop reading scoped package data from /Users/Sean/Desktop/Olive/node_modules/json-loader/package.json
20 verbose installManyTop reading scoped package data from /Users/Sean/Desktop/Olive/node_modules/jsx-loader/package.json
21 verbose installManyTop reading scoped package data from /Users/Sean/Desktop/Olive/node_modules/less/package.json
22 verbose installManyTop reading scoped package data from /Users/Sean/Desktop/Olive/node_modules/less-loader/package.json
23 verbose installManyTop reading scoped package data from /Users/Sean/Desktop/Olive/node_modules/microevent/package.json
24 verbose installManyTop reading scoped package data from /Users/Sean/Desktop/Olive/node_modules/node-loader/package.json
25 verbose installManyTop reading scoped package data from /Users/Sean/Desktop/Olive/node_modules/node-sass/package.json
26 verbose installManyTop reading scoped package data from /Users/Sean/Desktop/Olive/node_modules/normalize.css/package.json
27 verbose installManyTop reading scoped package data from /Users/Sean/Desktop/Olive/node_modules/oliveroot/package.json
28 verbose installManyTop reading scoped package data from /Users/Sean/Desktop/Olive/node_modules/raw-loader/package.json
29 verbose installManyTop reading scoped package data from /Users/Sean/Desktop/Olive/node_modules/react/package.json
30 verbose installManyTop reading scoped package data from /Users/Sean/Desktop/Olive/node_modules/react-dom/package.json
31 verbose installManyTop reading scoped package data from /Users/Sean/Desktop/Olive/node_modules/react-redux/package.json
32 verbose installManyTop reading scoped package data from /Users/Sean/Desktop/Olive/node_modules/redux/package.json
33 verbose installManyTop reading scoped package data from /Users/Sean/Desktop/Olive/node_modules/sass-loader/package.json
34 verbose installManyTop reading scoped package data from /Users/Sean/Desktop/Olive/node_modules/strict-loader/package.json
35 verbose installManyTop reading scoped package data from /Users/Sean/Desktop/Olive/node_modules/string-replace-webpack-plugin/package.json
36 verbose installManyTop reading scoped package data from /Users/Sean/Desktop/Olive/node_modules/style-loader/package.json
37 verbose installManyTop reading scoped package data from /Users/Sean/Desktop/Olive/node_modules/underscore/package.json
38 verbose installManyTop reading scoped package data from /Users/Sean/Desktop/Olive/node_modules/url-loader/package.json
39 verbose installManyTop reading scoped package data from /Users/Sean/Desktop/Olive/node_modules/webpack/package.json
40 info package.json jsx-loader@0.13.2 license should be a valid SPDX license expression
41 info package.json microevent@1.0.0 No repository field.
42 info package.json node-loader@0.5.0 No repository field.
43 verbose readDependencies loading dependencies from /Users/Sean/Desktop/Olive/package.json
44 silly cache add args [ 'define-plugin', null ]
45 verbose cache add spec define-plugin
46 silly cache add parsed spec Result {
46 silly cache add   raw: 'define-plugin',
46 silly cache add   scope: null,
46 silly cache add   name: 'define-plugin',
46 silly cache add   rawSpec: '',
46 silly cache add   spec: '*',
46 silly cache add   type: 'range' }
47 silly addNamed define-plugin@*
48 verbose addNamed "*" is a valid semver range for define-plugin
49 silly addNameRange { name: 'define-plugin', range: '*', hasData: false }
50 silly mapToRegistry name define-plugin
51 silly mapToRegistry using default registry
52 silly mapToRegistry registry http://registry.npm.alibaba-inc.com/
53 silly mapToRegistry uri http://registry.npm.alibaba-inc.com/define-plugin
54 verbose addNameRange registry:http://registry.npm.alibaba-inc.com/define-plugin not in flight; fetching
55 verbose request uri http://registry.npm.alibaba-inc.com/define-plugin
56 verbose request no auth needed
57 info attempt registry request try #1 at 11:47:55
58 verbose request id 82e61d867f7d9928
59 http request GET http://registry.npm.alibaba-inc.com/define-plugin
60 http 404 http://registry.npm.alibaba-inc.com/define-plugin
61 verbose headers { server: 'Tengine',
61 verbose headers   date: 'Sat, 02 Apr 2016 03:47:55 GMT',
61 verbose headers   'content-type': 'application/json; charset=utf-8',
61 verbose headers   'transfer-encoding': 'chunked',
61 verbose headers   connection: 'keep-alive',
61 verbose headers   'x-readtime': '59',
61 verbose headers   'content-encoding': 'gzip' }
62 silly get cb [ 404,
62 silly get   { server: 'Tengine',
62 silly get     date: 'Sat, 02 Apr 2016 03:47:55 GMT',
62 silly get     'content-type': 'application/json; charset=utf-8',
62 silly get     'transfer-encoding': 'chunked',
62 silly get     connection: 'keep-alive',
62 silly get     'x-readtime': '59',
62 silly get     'content-encoding': 'gzip' } ]
63 verbose stack Error: 404 Not Found: define-plugin
63 verbose stack     at makeError (/usr/local/lib/node_modules/tnpm/node_modules/ali-npm/node_modules/npm-registry-client/lib/request.js:264:12)
63 verbose stack     at CachingRegistryClient.<anonymous> (/usr/local/lib/node_modules/tnpm/node_modules/ali-npm/node_modules/npm-registry-client/lib/request.js:250:14)
63 verbose stack     at /usr/local/lib/node_modules/tnpm/node_modules/ali-npm/node_modules/npm-registry-client/lib/request.js:178:7
63 verbose stack     at Gunzip.onEnd (zlib.js:227:5)
63 verbose stack     at emitNone (events.js:72:20)
63 verbose stack     at Gunzip.emit (events.js:166:7)
63 verbose stack     at endReadableNT (_stream_readable.js:905:12)
63 verbose stack     at nextTickCallbackWith2Args (node.js:442:9)
63 verbose stack     at process._tickCallback (node.js:356:17)
64 verbose statusCode 404
65 verbose pkgid define-plugin
66 verbose cwd /Users/Sean/Desktop/Olive
67 error Darwin 14.5.0
68 error argv "/usr/local/bin/node" "/usr/local/lib/node_modules/tnpm/node_modules/ali-npm/bin/npm-cli.js" "--fse_binary_host_mirror=https://npm.taobao.org/mirrors/fsevents/" "--no-proxy" "--disturl=https://npm.taobao.org/mirrors/node" "--userconfig=/Users/Sean/.tnpmrc" "--registry=http://registry.npm.alibaba-inc.com" "--node-gyp=/usr/local/lib/node_modules/tnpm/node_modules/node-gyp/bin/node-gyp.js" "--cache=/Users/Sean/.tnpm" "i" "define-plugin" "--save"
69 error node v4.4.0
70 error npm  v2.15.2
71 error code E404
72 error 404 Not Found: define-plugin
72 error 404
72 error 404 'define-plugin' is not in the npm registry.
72 error 404 You should bug the author to publish it (or use the name yourself!)
72 error 404 It was specified as a dependency of 'olive'
72 error 404
72 error 404 Note that you can also install from a
72 error 404 tarball, folder, http url, or git url.
73 verbose exit [ 1, true ]
